[09:01:07] [ServerMain/INFO]: Environment: authHost='https://authserver.mojang.com', accountsHost='https://api.mojang.com', sessionHost='https://sessionserver.mojang.com', servicesHost='https://api.minecraftservices.com', name='PROD'
[09:01:13] [ServerMain/INFO]: Loaded 7 recipes
[09:01:14] [Server thread/INFO]: Starting minecraft server version 1.20.1
[09:01:14] [Server thread/INFO]: Loading properties
[09:01:14] [Server thread/INFO]: This server is running Paper version git-Paper-196 (MC: 1.20.1) (Implementing API version 1.20.1-R0.1-SNAPSHOT) (Git: 773dd72)
[09:01:15] [Server thread/INFO]: Server Ping Player Sample Count: 12
[09:01:15] [Server thread/INFO]: Using 4 threads for Netty based IO
[09:01:15] [Server thread/WARN]: [!] The timings profiler has been enabled but has been scheduled for removal from Paper in the future.
    We recommend installing the spark profiler as a replacement: https://spark.lucko.me/
    For more information please visit: https://github.com/PaperMC/Paper/issues/8948
[09:01:15] [Server thread/INFO]: [ChunkTaskScheduler] Chunk system is using 1 I/O threads, 1 worker threads, and gen parallelism of 1 threads
[09:01:16] [Server thread/INFO]: Default game type: SURVIVAL
[09:01:16] [Server thread/INFO]: Generating keypair
[09:01:16] [Server thread/INFO]: Starting Minecraft server on *:25565
[09:01:16] [Server thread/INFO]: Using epoll channel type
[09:01:16] [Server thread/INFO]: Paper: Using libdeflate (Linux x86_64) compression from Velocity.
[09:01:16] [Server thread/INFO]: Paper: Using OpenSSL 1.1.x (Linux x86_64) cipher from Velocity.
[09:01:16] [Server thread/INFO]: [LumberJack] Loading server plugin LumberJack v5.3.0
[09:01:16] [Server thread/INFO]: [InvUnload] Loading server plugin InvUnload v5.1.0
[09:01:16] [Server thread/INFO]: [AngelChest] Loading server plugin AngelChest v13.6.1
[09:01:16] [Server thread/INFO]: [Drop2Inventory] Loading server plugin Drop2Inventory v4.9.5
[09:01:16] [Server thread/INFO]: [playit-gg] Loading server plugin playit-gg v0.1.4
[09:01:16] [Server thread/INFO]: [LightPerms] Loading server plugin LightPerms v2.1.3
[09:01:16] [Server thread/INFO]: Server permissions file permissions.yml is empty, ignoring it
[09:01:16] [Server thread/WARN]: **** SERVER IS RUNNING IN OFFLINE/INSECURE MODE!
[09:01:16] [Server thread/WARN]: The server will make no attempt to authenticate usernames. Beware.
[09:01:16] [Server thread/WARN]: While this makes the game possible to play without internet access, it also opens up the ability for hackers to connect with any username they choose.
[09:01:16] [Server thread/WARN]: To change this, set "online-mode" to "true" in the server.properties file.
[09:01:16] [Server thread/INFO]: Preparing level "world"
[09:01:20] [Server thread/INFO]: Preparing start region for dimension minecraft:overworld
[09:01:20] [Server thread/INFO]: Time elapsed: 297 ms
[09:01:20] [Server thread/INFO]: Preparing start region for dimension minecraft:the_nether
[09:01:20] [Server thread/INFO]: Time elapsed: 86 ms
[09:01:20] [Server thread/INFO]: Preparing start region for dimension minecraft:the_end
[09:01:20] [Server thread/INFO]: Time elapsed: 69 ms
[09:01:20] [Server thread/INFO]: [LumberJack] Enabling LumberJack v5.3.0
[09:01:20] [Server thread/INFO]: [InvUnload] Enabling InvUnload v5.1.0
[09:01:21] [Server thread/WARN]: [InvUnload] Specified particle type "WITCH_SPELL" does not exist! Please check your config.yml
[09:01:21] [Server thread/INFO]: [InvUnload] groups.yml does not exist, skipping custom group settings.
[09:01:21] [Server thread/INFO]: [AngelChest] Enabling AngelChest v13.6.1
[09:01:22] [Server thread/INFO]: Environment: authHost='https://authserver.mojang.com', accountsHost='https://api.mojang.com', sessionHost='https://sessionserver.mojang.com', servicesHost='https://api.minecraftservices.com', name='PROD'
[09:01:22] [Server thread/INFO]: [AngelChest] groups.yml does not exist, skipping custom group settings.
[09:01:22] [Server thread/INFO]: [AngelChest] blacklist.yml does not exist, disabling item blacklist.
[09:01:22] [Server thread/INFO]: [AngelChest] No graveyards.yml found, disabling Graveyards feature
[09:01:22] [Server thread/WARN]: [AngelChest] Could not add usage/description to command acopen
[09:01:23] [Server thread/INFO]: [AngelChest] Vault not installed, disabling economy functions.
[09:01:23] [Server thread/INFO]: [AngelChest] [ACF] Enabled Asynchronous Tab Completion Support!
[09:01:23] [Server thread/INFO]: [AngelChest] Successfully enabled AngelChest Plus v13.6.1/(1197952) (Premium: true)
[09:01:23] [Server thread/INFO]: [Drop2Inventory] Enabling Drop2Inventory v4.9.5
[09:01:23] [Server thread/INFO]: [playit-gg] Enabling playit-gg v0.1.4
[09:01:25] [Server thread/INFO]: [LightPerms] Enabling LightPerms v2.1.3
[09:01:25] [Thread-10/INFO]: [gg.playit.minecraft.PlayitKeysSetup] secret key found, checking
[09:01:25] [Thread-10/INFO]: [gg.playit.minecraft.PlayitKeysSetup] check secret
[09:01:26] [Server thread/INFO]: Running delayed init tasks
[09:01:26] [Server thread/INFO]: Done (12.076s)! For help, type "help"
[09:01:26] [Server thread/INFO]: Timings Reset
[09:01:27] [Server thread/INFO]: [Drop2Inventory] You are using the latest version of Drop2Inventory.
[09:01:27] [Server thread/INFO]: [LumberJack] You are using the latest version of LumberJack.
[09:01:28] [Thread-10/INFO]: [gg.playit.minecraft.PlayitKeysSetup] found minecraft java tunnel: whether-addiction.joinmc.link
[09:01:28] [Thread-10/INFO]: [gg.playit.minecraft.PlayitManager] keys and tunnel setup
[09:01:28] [Thread-10/INFO]: playit.gg: tunnel setup
[09:01:28] [Thread-10/INFO]: playit.gg: whether-addiction.joinmc.link
[09:01:29] [Thread-10/WARN]: [gg.playit.control.ChannelSetup] Got IO error working with :control.playit.gg/2602:fbaf:848:0:0:0:0:1, error : java.net.SocketException: Network is unreachable
[09:01:29] [Thread-10/INFO]: [gg.playit.control.ChannelSetup] request queued, waiting 1 second before resend
[09:01:30] [Thread-10/INFO]: [gg.playit.control.ChannelSetup] request queued, waiting 1 second before resend
[09:01:37] [Server thread/INFO]: Stopping the server
[09:01:37] [Server thread/INFO]: Stopping server
[09:01:37] [Server thread/INFO]: [LightPerms] Disabling LightPerms v2.1.3
[09:01:37] [Server thread/INFO]: [playit-gg] Disabling playit-gg v0.1.4
[09:01:37] [Server thread/INFO]: [Drop2Inventory] Disabling Drop2Inventory v4.9.5
[09:01:37] [Server thread/INFO]: [AngelChest] Disabling AngelChest v13.6.1
[09:01:37] [Server thread/INFO]: [InvUnload] Disabling InvUnload v5.1.0
[09:01:37] [Server thread/INFO]: [LumberJack] Disabling LumberJack v5.3.0
[09:01:37] [Server thread/INFO]: Saving players
[09:01:37] [Server thread/INFO]: Saving worlds
[09:01:37] [Server thread/INFO]: Saving chunks for level 'ServerLevel[world]'/minecraft:overworld
[09:01:37] [Server thread/INFO]: [ChunkHolderManager] Waiting 60s for chunk system to halt for world 'world'
[09:01:37] [Server thread/INFO]: [ChunkHolderManager] Halted chunk system for world 'world'
[09:01:37] [Server thread/INFO]: [ChunkHolderManager] Saving all chunkholders for world 'world'
[09:01:37] [Thread-10/INFO]: [gg.playit.minecraft.PlayitManager] control channel shutdown
[09:01:38] [Server thread/INFO]: [ChunkHolderManager] Saved 529 block chunks, 529 entity chunks, 0 poi chunks in world 'world' in 1.25s
[09:01:41] [Server thread/INFO]: ThreadedAnvilChunkStorage (world): All chunks are saved
[09:01:41] [Server thread/INFO]: Saving chunks for level 'ServerLevel[world_nether]'/minecraft:the_nether
[09:01:41] [Server thread/INFO]: [ChunkHolderManager] Waiting 60s for chunk system to halt for world 'world_nether'
[09:01:41] [Server thread/INFO]: [ChunkHolderManager] Halted chunk system for world 'world_nether'
[09:01:41] [Server thread/INFO]: [ChunkHolderManager] Saving all chunkholders for world 'world_nether'
[09:01:42] [Server thread/INFO]: [ChunkHolderManager] Saved 529 block chunks, 529 entity chunks, 0 poi chunks in world 'world_nether' in 0.62s
[09:01:42] [Server thread/INFO]: ThreadedAnvilChunkStorage (DIM-1): All chunks are saved
[09:01:42] [Server thread/INFO]: Saving chunks for level 'ServerLevel[world_the_end]'/minecraft:the_end
[09:01:42] [Server thread/INFO]: [ChunkHolderManager] Waiting 60s for chunk system to halt for world 'world_the_end'
[09:01:42] [Server thread/INFO]: [ChunkHolderManager] Halted chunk system for world 'world_the_end'
[09:01:42] [Server thread/INFO]: [ChunkHolderManager] Saving all chunkholders for world 'world_the_end'
[09:01:42] [Server thread/INFO]: [ChunkHolderManager] Saved 529 block chunks, 529 entity chunks, 0 poi chunks in world 'world_the_end' in 0.17s
[09:01:42] [Server thread/INFO]: ThreadedAnvilChunkStorage (DIM1): All chunks are saved
[09:01:42] [Server thread/INFO]: ThreadedAnvilChunkStorage: All dimensions are saved
[09:01:42] [Server thread/INFO]: Flushing Chunk IO
[09:01:42] [Server thread/INFO]: Closing Thread Pool
[09:01:42] [Server thread/INFO]: Closing Server
